[debug] [2024-01-31T09:05:48.796Z] ----------------------------------------------------------------------
[debug] [2024-01-31T09:05:48.801Z] Command:       C:\Program Files\nodejs\node.exe C:\Users\sarvesh_kulkarni\AppData\Roaming\npm\node_modules\firebase-tools\lib\bin\firebase.js init
[debug] [2024-01-31T09:05:48.802Z] CLI Version:   13.1.0
[debug] [2024-01-31T09:05:48.802Z] Platform:      win32
[debug] [2024-01-31T09:05:48.802Z] Node Version:  v21.1.0
[debug] [2024-01-31T09:05:48.802Z] Time:          Wed Jan 31 2024 14:35:48 GMT+0530 (India Standard Time)
[debug] [2024-01-31T09:05:48.803Z] ----------------------------------------------------------------------
[debug] 
[debug] [2024-01-31T09:05:48.814Z] > command requires scopes: ["email","openid","https://www.googleapis.com/auth/cloudplatformprojects.readonly","https://www.googleapis.com/auth/firebase","https://www.googleapis.com/auth/cloud-platform"]
[debug] [2024-01-31T09:05:48.815Z] > authorizing via signed-in user (kulkarni.2002sarvesh@gmail.com)
[info] 
     ######## #### ########  ######## ########     ###     ######  ########
     ##        ##  ##     ## ##       ##     ##  ##   ##  ##       ##
     ######    ##  ########  ######   ########  #########  ######  ######
     ##        ##  ##    ##  ##       ##     ## ##     ##       ## ##
     ##       #### ##     ## ######## ########  ##     ##  ######  ########

You're about to initialize a Firebase project in this directory:

  C:\Users\sarvesh_kulkarni\Documents\React-apps\Netflix-Clone

[info] 
=== Project Setup
[info] 
[info] First, let's associate this project directory with a Firebase project.
[info] You can create multiple project aliases by running firebase use --add, 
[info] but for now we'll just set up a default project.
[info] 
[debug] [2024-01-31T09:06:01.212Z] >>> [apiv2][query] GET https://firebase.googleapis.com/v1beta1/projects pageSize=100
[debug] [2024-01-31T09:06:01.478Z] *** [apiv2] error from fetch(https://firebase.googleapis.com/v1beta1/projects?pageSize=100, {"headers":{},"method":"GET","signal":{}}): FetchError: request to https://firebase.googleapis.com/v1beta1/projects?pageSize=100 failed, reason: unable to get local issuer certificate
[debug] [2024-01-31T09:06:01.478Z] Failed to make request to https://firebase.googleapis.com/v1beta1/projects?pageSize=100
[debug] [2024-01-31T09:06:01.561Z] FirebaseError: Failed to make request to https://firebase.googleapis.com/v1beta1/projects?pageSize=100
    at RetryOperation._fn (C:\Users\sarvesh_kulkarni\AppData\Roaming\npm\node_modules\firebase-tools\lib\apiv2.js:246:31)
    at process.processTicksAndRejections (node:internal/process/task_queues:95:5)
[error] 
[error] Error: Failed to list Firebase projects. See firebase-debug.log for more info.
